<?xml version="1.0" encoding="UTF-8"?>
<!-- Generated by org.testng.reporters.JUnitReportReporter -->
<testsuite hostname="Jainulasik14" failures="0" tests="3" name="org.Nonpo.Nonpo_Process3" time="57.596" errors="0" timestamp="2025-05-27T16:07:30 IST" skipped="0">
  <testcase classname="org.Nonpo.Nonpo_Process3" name="LoginFunctionality" time="10.922"/>
  <testcase classname="org.Nonpo.Nonpo_Process3" name="addNewcreation" time="43.277"/>
  <testcase classname="org.Nonpo.Nonpo_Process3" name="LaunchBrowser" time="3.397"/>
</testsuite> <!-- org.Nonpo.Nonpo_Process3 -->
