<?xml version="1.0" encoding="UTF-8"?>
<!-- Generated by org.testng.reporters.JUnitReportReporter -->
<testsuite hostname="CDX-Asik-Laptop" failures="0" tests="1" name="org.Nonpo.Nonpo_Process_Branch_Withdraw_deny_Reject_Flow2" time="317.698" errors="0" timestamp="2025-09-05T13:11:13 IST" skipped="0">
  <testcase classname="org.Nonpo.Nonpo_Process_Branch_Withdraw_deny_Reject_Flow2" name="LaunchBrowser" time="317.698"/>
</testsuite> <!-- org.Nonpo.Nonpo_Process_Branch_Withdraw_deny_Reject_Flow2 -->
