<?xml version="1.0" encoding="UTF-8"?>
<!-- Generated by org.testng.reporters.JUnitReportReporter -->
<testsuite hostname="CDX-Asik-Laptop" failures="0" tests="2" name="org.Nonpo.Nonpo_Process_Functional" time="342.938" errors="0" timestamp="2025-09-05T13:21:01 IST" skipped="0">
  <testcase classname="org.Nonpo.Nonpo_Process_Functional" name="LoginFunctionality" time="339.425"/>
  <testcase classname="org.Nonpo.Nonpo_Process_Functional" name="LaunchBrowser" time="3.513"/>
</testsuite> <!-- org.Nonpo.Nonpo_Process_Functional -->
