<?xml version="1.0" encoding="UTF-8"?>
<!-- Generated by org.testng.reporters.JUnitReportReporter -->
<testsuite hostname="CDX-Asik-Laptop" failures="0" tests="1" name="org.deviceInventory.Device_Inventory_Mandaly_Wrongsection_underwarranty_Flow2" time="1.875" errors="0" timestamp="2025-07-15T17:01:07 IST" skipped="0">
  <testcase classname="org.deviceInventory.Device_Inventory_Mandaly_Wrongsection_underwarranty_Flow2" name="tc01" time="1.875"/>
</testsuite> <!-- org.deviceInventory.Device_Inventory_Mandaly_Wrongsection_underwarranty_Flow2 -->
