<?xml version="1.0" encoding="UTF-8"?>
<!-- Generated by org.testng.reporters.JUnitReportReporter -->
<testsuite hostname="CDX-Asik-Laptop" failures="0" tests="5" name="org.testrunner.Testrunner" time="396.703" errors="0" timestamp="2025-09-05T15:31:05 IST" skipped="0">
  <testcase classname="org.testrunner.Testrunner" name="BrowserSetup" time="4.899"/>
  <testcase classname="org.testrunner.Testrunner" name="loginscreen" time="8.213"/>
  <testcase classname="org.testrunner.Testrunner" name="addrecordScreen" time="91.784"/>
  <testcase classname="org.testrunner.Testrunner" name="editaction" time="33.772"/>
  <testcase classname="org.testrunner.Testrunner" name="stagemoveTest" time="258.035"/>
</testsuite> <!-- org.testrunner.Testrunner -->
