<?xml version="1.0" encoding="UTF-8"?>
<!-- Generated by org.testng.reporters.JUnitReportReporter -->
<testsuite hostname="CDX-Asik-Laptop" failures="0" tests="1" name="org.Nonpo.Nonpo_Process_Functional_Withdraw_deny_Reject_Flow2" time="314.750" errors="0" timestamp="2025-09-05T13:28:30 IST" skipped="0">
  <testcase classname="org.Nonpo.Nonpo_Process_Functional_Withdraw_deny_Reject_Flow2" name="LaunchBrowser" time="314.750"/>
</testsuite> <!-- org.Nonpo.Nonpo_Process_Functional_Withdraw_deny_Reject_Flow2 -->
