<?xml version="1.0" encoding="UTF-8"?>
<!-- Generated by org.testng.reporters.JUnitReportReporter -->
<testsuite hostname="CDX-Asik-Laptop" failures="0" tests="2" name="org.Nonpo.Nonpo_Process_lineitemstable" time="174.954" errors="0" timestamp="2025-06-30T12:00:52 IST" skipped="0">
  <testcase classname="org.Nonpo.Nonpo_Process_lineitemstable" name="LoginFunctionality" time="173.123"/>
  <testcase classname="org.Nonpo.Nonpo_Process_lineitemstable" name="LaunchBrowser" time="1.831"/>
</testsuite> <!-- org.Nonpo.Nonpo_Process_lineitemstable -->
